{"C:\\Users\\menyh\\Projects\\Other\\safari\\src\\math.ts": {"path":"C:\\Users\\menyh\\Projects\\Other\\safari\\src\\math.ts","all":false,"statementMap":{"7":{"start":{"line":8,"column":0},"end":{"line":8,"column":54}},"8":{"start":{"line":9,"column":0},"end":{"line":9,"column":15}},"9":{"start":{"line":10,"column":0},"end":{"line":10,"column":1}}},"s":{"7":1,"8":2,"9":2},"branchMap":{"0":{"type":"branch","line":8,"loc":{"start":{"line":8,"column":19},"end":{"line":10,"column":1}},"locations":[{"start":{"line":8,"column":19},"end":{"line":10,"column":1}}]}},"b":{"0":[2]},"fnMap":{"0":{"name":"add","decl":{"start":{"line":8,"column":19},"end":{"line":10,"column":1}},"loc":{"start":{"line":8,"column":19},"end":{"line":10,"column":1}},"line":8}},"f":{"0":2}}
}
